<?xml version="1.0" encoding="UTF-8"?>
<testsuite xmlns:xsi="http://www.w3.org/2001/XMLSchema-instance" xsi:noNamespaceSchemaLocation="https://maven.apache.org/surefire/maven-surefire-plugin/xsd/surefire-test-report.xsd" name="com.crazy.finance.FinanceApplicationTests" time="0.058" tests="1" errors="0" skipped="0" failures="0">
  <properties>
    <property name="sun.desktop" value="windows"/>
    <property name="awt.toolkit" value="sun.awt.windows.WToolkit"/>
    <property name="file.encoding.pkg" value="sun.io"/>
    <property name="java.specification.version" value="1.8"/>
    <property name="sun.cpu.isalist" value="amd64"/>
    <property name="sun.jnu.encoding" value="GBK"/>
    <property name="java.class.path" value="E:\IDEA\springboot\finance\target\test-classes;E:\IDEA\springboot\finance\target\classes;E:\java_software\maven_work\repository\com\github\pagehelper\pagehelper-spring-boot-starter\1.2.10\pagehelper-spring-boot-starter-1.2.10.jar;E:\java_software\maven_work\repository\org\springframework\boot\spring-boot-starter\2.4.2\spring-boot-starter-2.4.2.jar;E:\java_software\maven_work\repository\org\springframework\boot\spring-boot-starter-logging\2.4.2\spring-boot-starter-logging-2.4.2.jar;E:\java_software\maven_work\repository\ch\qos\logback\logback-classic\1.2.3\logback-classic-1.2.3.jar;E:\java_software\maven_work\repository\ch\qos\logback\logback-core\1.2.3\logback-core-1.2.3.jar;E:\java_software\maven_work\repository\org\apache\logging\log4j\log4j-to-slf4j\2.13.3\log4j-to-slf4j-2.13.3.jar;E:\java_software\maven_work\repository\org\apache\logging\log4j\log4j-api\2.13.3\log4j-api-2.13.3.jar;E:\java_software\maven_work\repository\org\slf4j\jul-to-slf4j\1.7.30\jul-to-slf4j-1.7.30.jar;E:\java_software\maven_work\repository\jakarta\annotation\jakarta.annotation-api\1.3.5\jakarta.annotation-api-1.3.5.jar;E:\java_software\maven_work\repository\org\yaml\snakeyaml\1.27\snakeyaml-1.27.jar;E:\java_software\maven_work\repository\com\github\pagehelper\pagehelper-spring-boot-autoconfigure\1.2.10\pagehelper-spring-boot-autoconfigure-1.2.10.jar;E:\java_software\maven_work\repository\com\github\pagehelper\pagehelper\5.1.8\pagehelper-5.1.8.jar;E:\java_software\maven_work\repository\com\github\jsqlparser\jsqlparser\1.2\jsqlparser-1.2.jar;E:\java_software\maven_work\repository\com\alibaba\druid-spring-boot-starter\1.2.3\druid-spring-boot-starter-1.2.3.jar;E:\java_software\maven_work\repository\com\alibaba\druid\1.2.3\druid-1.2.3.jar;E:\java_software\maven_work\repository\org\slf4j\slf4j-api\1.7.30\slf4j-api-1.7.30.jar;E:\java_software\maven_work\repository\org\springframework\boot\spring-boot-autoconfigure\2.4.2\spring-boot-autoconfigure-2.4.2.jar;E:\java_software\maven_work\repository\com\github\theborakompanioni\thymeleaf-extras-shiro\2.0.0\thymeleaf-extras-shiro-2.0.0.jar;E:\java_software\maven_work\repository\org\apache\shiro\shiro-spring\1.4.1\shiro-spring-1.4.1.jar;E:\java_software\maven_work\repository\org\apache\shiro\shiro-core\1.4.1\shiro-core-1.4.1.jar;E:\java_software\maven_work\repository\org\apache\shiro\shiro-lang\1.4.1\shiro-lang-1.4.1.jar;E:\java_software\maven_work\repository\org\apache\shiro\shiro-cache\1.4.1\shiro-cache-1.4.1.jar;E:\java_software\maven_work\repository\org\apache\shiro\shiro-crypto-hash\1.4.1\shiro-crypto-hash-1.4.1.jar;E:\java_software\maven_work\repository\org\apache\shiro\shiro-crypto-core\1.4.1\shiro-crypto-core-1.4.1.jar;E:\java_software\maven_work\repository\org\apache\shiro\shiro-crypto-cipher\1.4.1\shiro-crypto-cipher-1.4.1.jar;E:\java_software\maven_work\repository\org\apache\shiro\shiro-config-core\1.4.1\shiro-config-core-1.4.1.jar;E:\java_software\maven_work\repository\org\apache\shiro\shiro-config-ogdl\1.4.1\shiro-config-ogdl-1.4.1.jar;E:\java_software\maven_work\repository\commons-beanutils\commons-beanutils\1.9.3\commons-beanutils-1.9.3.jar;E:\java_software\maven_work\repository\commons-collections\commons-collections\3.2.2\commons-collections-3.2.2.jar;E:\java_software\maven_work\repository\org\apache\shiro\shiro-event\1.4.1\shiro-event-1.4.1.jar;E:\java_software\maven_work\repository\org\apache\shiro\shiro-web\1.4.1\shiro-web-1.4.1.jar;E:\java_software\maven_work\repository\org\springframework\boot\spring-boot-starter-thymeleaf\2.4.2\spring-boot-starter-thymeleaf-2.4.2.jar;E:\java_software\maven_work\repository\org\thymeleaf\thymeleaf-spring5\3.0.12.RELEASE\thymeleaf-spring5-3.0.12.RELEASE.jar;E:\java_software\maven_work\repository\org\thymeleaf\thymeleaf\3.0.12.RELEASE\thymeleaf-3.0.12.RELEASE.jar;E:\java_software\maven_work\repository\org\attoparser\attoparser\2.0.5.RELEASE\attoparser-2.0.5.RELEASE.jar;E:\java_software\maven_work\repository\org\unbescape\unbescape\1.1.6.RELEASE\unbescape-1.1.6.RELEASE.jar;E:\java_software\maven_work\repository\org\thymeleaf\extras\thymeleaf-extras-java8time\3.0.4.RELEASE\thymeleaf-extras-java8time-3.0.4.RELEASE.jar;E:\java_software\maven_work\repository\org\springframework\boot\spring-boot-starter-web\2.4.2\spring-boot-starter-web-2.4.2.jar;E:\java_software\maven_work\repository\org\springframework\boot\spring-boot-starter-json\2.4.2\spring-boot-starter-json-2.4.2.jar;E:\java_software\maven_work\repository\com\fasterxml\jackson\core\jackson-databind\2.11.4\jackson-databind-2.11.4.jar;E:\java_software\maven_work\repository\com\fasterxml\jackson\core\jackson-annotations\2.11.4\jackson-annotations-2.11.4.jar;E:\java_software\maven_work\repository\com\fasterxml\jackson\core\jackson-core\2.11.4\jackson-core-2.11.4.jar;E:\java_software\maven_work\repository\com\fasterxml\jackson\datatype\jackson-datatype-jdk8\2.11.4\jackson-datatype-jdk8-2.11.4.jar;E:\java_software\maven_work\repository\com\fasterxml\jackson\datatype\jackson-datatype-jsr310\2.11.4\jackson-datatype-jsr310-2.11.4.jar;E:\java_software\maven_work\repository\com\fasterxml\jackson\module\jackson-module-parameter-names\2.11.4\jackson-module-parameter-names-2.11.4.jar;E:\java_software\maven_work\repository\org\springframework\boot\spring-boot-starter-tomcat\2.4.2\spring-boot-starter-tomcat-2.4.2.jar;E:\java_software\maven_work\repository\org\apache\tomcat\embed\tomcat-embed-core\9.0.41\tomcat-embed-core-9.0.41.jar;E:\java_software\maven_work\repository\org\glassfish\jakarta.el\3.0.3\jakarta.el-3.0.3.jar;E:\java_software\maven_work\repository\org\apache\tomcat\embed\tomcat-embed-websocket\9.0.41\tomcat-embed-websocket-9.0.41.jar;E:\java_software\maven_work\repository\org\springframework\spring-web\5.3.3\spring-web-5.3.3.jar;E:\java_software\maven_work\repository\org\springframework\spring-beans\5.3.3\spring-beans-5.3.3.jar;E:\java_software\maven_work\repository\org\springframework\spring-webmvc\5.3.3\spring-webmvc-5.3.3.jar;E:\java_software\maven_work\repository\org\springframework\spring-aop\5.3.3\spring-aop-5.3.3.jar;E:\java_software\maven_work\repository\org\springframework\spring-context\5.3.3\spring-context-5.3.3.jar;E:\java_software\maven_work\repository\org\springframework\spring-expression\5.3.3\spring-expression-5.3.3.jar;E:\java_software\maven_work\repository\org\mybatis\spring\boot\mybatis-spring-boot-starter\2.1.4\mybatis-spring-boot-starter-2.1.4.jar;E:\java_software\maven_work\repository\org\springframework\boot\spring-boot-starter-jdbc\2.4.2\spring-boot-starter-jdbc-2.4.2.jar;E:\java_software\maven_work\repository\com\zaxxer\HikariCP\3.4.5\HikariCP-3.4.5.jar;E:\java_software\maven_work\repository\org\springframework\spring-jdbc\5.3.3\spring-jdbc-5.3.3.jar;E:\java_software\maven_work\repository\org\springframework\spring-tx\5.3.3\spring-tx-5.3.3.jar;E:\java_software\maven_work\repository\org\mybatis\spring\boot\mybatis-spring-boot-autoconfigure\2.1.4\mybatis-spring-boot-autoconfigure-2.1.4.jar;E:\java_software\maven_work\repository\org\mybatis\mybatis\3.5.6\mybatis-3.5.6.jar;E:\java_software\maven_work\repository\org\mybatis\mybatis-spring\2.0.6\mybatis-spring-2.0.6.jar;E:\java_software\maven_work\repository\mysql\mysql-connector-java\5.1.6\mysql-connector-java-5.1.6.jar;E:\java_software\maven_work\repository\org\springframework\boot\spring-boot-devtools\2.4.2\spring-boot-devtools-2.4.2.jar;E:\java_software\maven_work\repository\org\springframework\boot\spring-boot\2.4.2\spring-boot-2.4.2.jar;E:\java_software\maven_work\repository\org\springframework\boot\spring-boot-configuration-processor\2.4.2\spring-boot-configuration-processor-2.4.2.jar;E:\java_software\maven_work\repository\org\projectlombok\lombok\1.18.16\lombok-1.18.16.jar;E:\java_software\maven_work\repository\org\springframework\boot\spring-boot-starter-test\2.4.2\spring-boot-starter-test-2.4.2.jar;E:\java_software\maven_work\repository\org\springframework\boot\spring-boot-test\2.4.2\spring-boot-test-2.4.2.jar;E:\java_software\maven_work\repository\org\springframework\boot\spring-boot-test-autoconfigure\2.4.2\spring-boot-test-autoconfigure-2.4.2.jar;E:\java_software\maven_work\repository\com\jayway\jsonpath\json-path\2.4.0\json-path-2.4.0.jar;E:\java_software\maven_work\repository\net\minidev\json-smart\2.3\json-smart-2.3.jar;E:\java_software\maven_work\repository\net\minidev\accessors-smart\1.2\accessors-smart-1.2.jar;E:\java_software\maven_work\repository\org\ow2\asm\asm\5.0.4\asm-5.0.4.jar;E:\java_software\maven_work\repository\jakarta\xml\bind\jakarta.xml.bind-api\2.3.3\jakarta.xml.bind-api-2.3.3.jar;E:\java_software\maven_work\repository\jakarta\activation\jakarta.activation-api\1.2.2\jakarta.activation-api-1.2.2.jar;E:\java_software\maven_work\repository\org\assertj\assertj-core\3.18.1\assertj-core-3.18.1.jar;E:\java_software\maven_work\repository\org\hamcrest\hamcrest\2.2\hamcrest-2.2.jar;E:\java_software\maven_work\repository\org\junit\jupiter\junit-jupiter\5.7.0\junit-jupiter-5.7.0.jar;E:\java_software\maven_work\repository\org\junit\jupiter\junit-jupiter-api\5.7.0\junit-jupiter-api-5.7.0.jar;E:\java_software\maven_work\repository\org\apiguardian\apiguardian-api\1.1.0\apiguardian-api-1.1.0.jar;E:\java_software\maven_work\repository\org\opentest4j\opentest4j\1.2.0\opentest4j-1.2.0.jar;E:\java_software\maven_work\repository\org\junit\platform\junit-platform-commons\1.7.0\junit-platform-commons-1.7.0.jar;E:\java_software\maven_work\repository\org\junit\jupiter\junit-jupiter-params\5.7.0\junit-jupiter-params-5.7.0.jar;E:\java_software\maven_work\repository\org\junit\jupiter\junit-jupiter-engine\5.7.0\junit-jupiter-engine-5.7.0.jar;E:\java_software\maven_work\repository\org\junit\platform\junit-platform-engine\1.7.0\junit-platform-engine-1.7.0.jar;E:\java_software\maven_work\repository\org\mockito\mockito-core\3.6.28\mockito-core-3.6.28.jar;E:\java_software\maven_work\repository\net\bytebuddy\byte-buddy\1.10.19\byte-buddy-1.10.19.jar;E:\java_software\maven_work\repository\net\bytebuddy\byte-buddy-agent\1.10.19\byte-buddy-agent-1.10.19.jar;E:\java_software\maven_work\repository\org\objenesis\objenesis\3.1\objenesis-3.1.jar;E:\java_software\maven_work\repository\org\mockito\mockito-junit-jupiter\3.6.28\mockito-junit-jupiter-3.6.28.jar;E:\java_software\maven_work\repository\org\skyscreamer\jsonassert\1.5.0\jsonassert-1.5.0.jar;E:\java_software\maven_work\repository\com\vaadin\external\google\android-json\0.0.20131108.vaadin1\android-json-0.0.20131108.vaadin1.jar;E:\java_software\maven_work\repository\org\springframework\spring-core\5.3.3\spring-core-5.3.3.jar;E:\java_software\maven_work\repository\org\springframework\spring-jcl\5.3.3\spring-jcl-5.3.3.jar;E:\java_software\maven_work\repository\org\springframework\spring-test\5.3.3\spring-test-5.3.3.jar;E:\java_software\maven_work\repository\org\xmlunit\xmlunit-core\2.7.0\xmlunit-core-2.7.0.jar;"/>
    <property name="java.vm.vendor" value="Oracle Corporation"/>
    <property name="sun.arch.data.model" value="64"/>
    <property name="user.variant" value=""/>
    <property name="java.vendor.url" value="http://java.oracle.com/"/>
    <property name="user.timezone" value="Asia/Shanghai"/>
    <property name="java.vm.specification.version" value="1.8"/>
    <property name="os.name" value="Windows 10"/>
    <property name="user.country" value="CN"/>
    <property name="sun.java.launcher" value="SUN_STANDARD"/>
    <property name="sun.boot.library.path" value="E:\java_surroundings\JAVA\jre\bin"/>
    <property name="sun.java.command" value="C:\Users\88\AppData\Local\Temp\surefire1735953185836534541\surefirebooter3050989825498317746.jar C:\Users\88\AppData\Local\Temp\surefire1735953185836534541 2021-03-03T22-43-15_715-jvmRun1 surefire1248373979565933801tmp surefire_06265933781485640717tmp"/>
    <property name="surefire.test.class.path" value="E:\IDEA\springboot\finance\target\test-classes;E:\IDEA\springboot\finance\target\classes;E:\java_software\maven_work\repository\com\github\pagehelper\pagehelper-spring-boot-starter\1.2.10\pagehelper-spring-boot-starter-1.2.10.jar;E:\java_software\maven_work\repository\org\springframework\boot\spring-boot-starter\2.4.2\spring-boot-starter-2.4.2.jar;E:\java_software\maven_work\repository\org\springframework\boot\spring-boot-starter-logging\2.4.2\spring-boot-starter-logging-2.4.2.jar;E:\java_software\maven_work\repository\ch\qos\logback\logback-classic\1.2.3\logback-classic-1.2.3.jar;E:\java_software\maven_work\repository\ch\qos\logback\logback-core\1.2.3\logback-core-1.2.3.jar;E:\java_software\maven_work\repository\org\apache\logging\log4j\log4j-to-slf4j\2.13.3\log4j-to-slf4j-2.13.3.jar;E:\java_software\maven_work\repository\org\apache\logging\log4j\log4j-api\2.13.3\log4j-api-2.13.3.jar;E:\java_software\maven_work\repository\org\slf4j\jul-to-slf4j\1.7.30\jul-to-slf4j-1.7.30.jar;E:\java_software\maven_work\repository\jakarta\annotation\jakarta.annotation-api\1.3.5\jakarta.annotation-api-1.3.5.jar;E:\java_software\maven_work\repository\org\yaml\snakeyaml\1.27\snakeyaml-1.27.jar;E:\java_software\maven_work\repository\com\github\pagehelper\pagehelper-spring-boot-autoconfigure\1.2.10\pagehelper-spring-boot-autoconfigure-1.2.10.jar;E:\java_software\maven_work\repository\com\github\pagehelper\pagehelper\5.1.8\pagehelper-5.1.8.jar;E:\java_software\maven_work\repository\com\github\jsqlparser\jsqlparser\1.2\jsqlparser-1.2.jar;E:\java_software\maven_work\repository\com\alibaba\druid-spring-boot-starter\1.2.3\druid-spring-boot-starter-1.2.3.jar;E:\java_software\maven_work\repository\com\alibaba\druid\1.2.3\druid-1.2.3.jar;E:\java_software\maven_work\repository\org\slf4j\slf4j-api\1.7.30\slf4j-api-1.7.30.jar;E:\java_software\maven_work\repository\org\springframework\boot\spring-boot-autoconfigure\2.4.2\spring-boot-autoconfigure-2.4.2.jar;E:\java_software\maven_work\repository\com\github\theborakompanioni\thymeleaf-extras-shiro\2.0.0\thymeleaf-extras-shiro-2.0.0.jar;E:\java_software\maven_work\repository\org\apache\shiro\shiro-spring\1.4.1\shiro-spring-1.4.1.jar;E:\java_software\maven_work\repository\org\apache\shiro\shiro-core\1.4.1\shiro-core-1.4.1.jar;E:\java_software\maven_work\repository\org\apache\shiro\shiro-lang\1.4.1\shiro-lang-1.4.1.jar;E:\java_software\maven_work\repository\org\apache\shiro\shiro-cache\1.4.1\shiro-cache-1.4.1.jar;E:\java_software\maven_work\repository\org\apache\shiro\shiro-crypto-hash\1.4.1\shiro-crypto-hash-1.4.1.jar;E:\java_software\maven_work\repository\org\apache\shiro\shiro-crypto-core\1.4.1\shiro-crypto-core-1.4.1.jar;E:\java_software\maven_work\repository\org\apache\shiro\shiro-crypto-cipher\1.4.1\shiro-crypto-cipher-1.4.1.jar;E:\java_software\maven_work\repository\org\apache\shiro\shiro-config-core\1.4.1\shiro-config-core-1.4.1.jar;E:\java_software\maven_work\repository\org\apache\shiro\shiro-config-ogdl\1.4.1\shiro-config-ogdl-1.4.1.jar;E:\java_software\maven_work\repository\commons-beanutils\commons-beanutils\1.9.3\commons-beanutils-1.9.3.jar;E:\java_software\maven_work\repository\commons-collections\commons-collections\3.2.2\commons-collections-3.2.2.jar;E:\java_software\maven_work\repository\org\apache\shiro\shiro-event\1.4.1\shiro-event-1.4.1.jar;E:\java_software\maven_work\repository\org\apache\shiro\shiro-web\1.4.1\shiro-web-1.4.1.jar;E:\java_software\maven_work\repository\org\springframework\boot\spring-boot-starter-thymeleaf\2.4.2\spring-boot-starter-thymeleaf-2.4.2.jar;E:\java_software\maven_work\repository\org\thymeleaf\thymeleaf-spring5\3.0.12.RELEASE\thymeleaf-spring5-3.0.12.RELEASE.jar;E:\java_software\maven_work\repository\org\thymeleaf\thymeleaf\3.0.12.RELEASE\thymeleaf-3.0.12.RELEASE.jar;E:\java_software\maven_work\repository\org\attoparser\attoparser\2.0.5.RELEASE\attoparser-2.0.5.RELEASE.jar;E:\java_software\maven_work\repository\org\unbescape\unbescape\1.1.6.RELEASE\unbescape-1.1.6.RELEASE.jar;E:\java_software\maven_work\repository\org\thymeleaf\extras\thymeleaf-extras-java8time\3.0.4.RELEASE\thymeleaf-extras-java8time-3.0.4.RELEASE.jar;E:\java_software\maven_work\repository\org\springframework\boot\spring-boot-starter-web\2.4.2\spring-boot-starter-web-2.4.2.jar;E:\java_software\maven_work\repository\org\springframework\boot\spring-boot-starter-json\2.4.2\spring-boot-starter-json-2.4.2.jar;E:\java_software\maven_work\repository\com\fasterxml\jackson\core\jackson-databind\2.11.4\jackson-databind-2.11.4.jar;E:\java_software\maven_work\repository\com\fasterxml\jackson\core\jackson-annotations\2.11.4\jackson-annotations-2.11.4.jar;E:\java_software\maven_work\repository\com\fasterxml\jackson\core\jackson-core\2.11.4\jackson-core-2.11.4.jar;E:\java_software\maven_work\repository\com\fasterxml\jackson\datatype\jackson-datatype-jdk8\2.11.4\jackson-datatype-jdk8-2.11.4.jar;E:\java_software\maven_work\repository\com\fasterxml\jackson\datatype\jackson-datatype-jsr310\2.11.4\jackson-datatype-jsr310-2.11.4.jar;E:\java_software\maven_work\repository\com\fasterxml\jackson\module\jackson-module-parameter-names\2.11.4\jackson-module-parameter-names-2.11.4.jar;E:\java_software\maven_work\repository\org\springframework\boot\spring-boot-starter-tomcat\2.4.2\spring-boot-starter-tomcat-2.4.2.jar;E:\java_software\maven_work\repository\org\apache\tomcat\embed\tomcat-embed-core\9.0.41\tomcat-embed-core-9.0.41.jar;E:\java_software\maven_work\repository\org\glassfish\jakarta.el\3.0.3\jakarta.el-3.0.3.jar;E:\java_software\maven_work\repository\org\apache\tomcat\embed\tomcat-embed-websocket\9.0.41\tomcat-embed-websocket-9.0.41.jar;E:\java_software\maven_work\repository\org\springframework\spring-web\5.3.3\spring-web-5.3.3.jar;E:\java_software\maven_work\repository\org\springframework\spring-beans\5.3.3\spring-beans-5.3.3.jar;E:\java_software\maven_work\repository\org\springframework\spring-webmvc\5.3.3\spring-webmvc-5.3.3.jar;E:\java_software\maven_work\repository\org\springframework\spring-aop\5.3.3\spring-aop-5.3.3.jar;E:\java_software\maven_work\repository\org\springframework\spring-context\5.3.3\spring-context-5.3.3.jar;E:\java_software\maven_work\repository\org\springframework\spring-expression\5.3.3\spring-expression-5.3.3.jar;E:\java_software\maven_work\repository\org\mybatis\spring\boot\mybatis-spring-boot-starter\2.1.4\mybatis-spring-boot-starter-2.1.4.jar;E:\java_software\maven_work\repository\org\springframework\boot\spring-boot-starter-jdbc\2.4.2\spring-boot-starter-jdbc-2.4.2.jar;E:\java_software\maven_work\repository\com\zaxxer\HikariCP\3.4.5\HikariCP-3.4.5.jar;E:\java_software\maven_work\repository\org\springframework\spring-jdbc\5.3.3\spring-jdbc-5.3.3.jar;E:\java_software\maven_work\repository\org\springframework\spring-tx\5.3.3\spring-tx-5.3.3.jar;E:\java_software\maven_work\repository\org\mybatis\spring\boot\mybatis-spring-boot-autoconfigure\2.1.4\mybatis-spring-boot-autoconfigure-2.1.4.jar;E:\java_software\maven_work\repository\org\mybatis\mybatis\3.5.6\mybatis-3.5.6.jar;E:\java_software\maven_work\repository\org\mybatis\mybatis-spring\2.0.6\mybatis-spring-2.0.6.jar;E:\java_software\maven_work\repository\mysql\mysql-connector-java\5.1.6\mysql-connector-java-5.1.6.jar;E:\java_software\maven_work\repository\org\springframework\boot\spring-boot-devtools\2.4.2\spring-boot-devtools-2.4.2.jar;E:\java_software\maven_work\repository\org\springframework\boot\spring-boot\2.4.2\spring-boot-2.4.2.jar;E:\java_software\maven_work\repository\org\springframework\boot\spring-boot-configuration-processor\2.4.2\spring-boot-configuration-processor-2.4.2.jar;E:\java_software\maven_work\repository\org\projectlombok\lombok\1.18.16\lombok-1.18.16.jar;E:\java_software\maven_work\repository\org\springframework\boot\spring-boot-starter-test\2.4.2\spring-boot-starter-test-2.4.2.jar;E:\java_software\maven_work\repository\org\springframework\boot\spring-boot-test\2.4.2\spring-boot-test-2.4.2.jar;E:\java_software\maven_work\repository\org\springframework\boot\spring-boot-test-autoconfigure\2.4.2\spring-boot-test-autoconfigure-2.4.2.jar;E:\java_software\maven_work\repository\com\jayway\jsonpath\json-path\2.4.0\json-path-2.4.0.jar;E:\java_software\maven_work\repository\net\minidev\json-smart\2.3\json-smart-2.3.jar;E:\java_software\maven_work\repository\net\minidev\accessors-smart\1.2\accessors-smart-1.2.jar;E:\java_software\maven_work\repository\org\ow2\asm\asm\5.0.4\asm-5.0.4.jar;E:\java_software\maven_work\repository\jakarta\xml\bind\jakarta.xml.bind-api\2.3.3\jakarta.xml.bind-api-2.3.3.jar;E:\java_software\maven_work\repository\jakarta\activation\jakarta.activation-api\1.2.2\jakarta.activation-api-1.2.2.jar;E:\java_software\maven_work\repository\org\assertj\assertj-core\3.18.1\assertj-core-3.18.1.jar;E:\java_software\maven_work\repository\org\hamcrest\hamcrest\2.2\hamcrest-2.2.jar;E:\java_software\maven_work\repository\org\junit\jupiter\junit-jupiter\5.7.0\junit-jupiter-5.7.0.jar;E:\java_software\maven_work\repository\org\junit\jupiter\junit-jupiter-api\5.7.0\junit-jupiter-api-5.7.0.jar;E:\java_software\maven_work\repository\org\apiguardian\apiguardian-api\1.1.0\apiguardian-api-1.1.0.jar;E:\java_software\maven_work\repository\org\opentest4j\opentest4j\1.2.0\opentest4j-1.2.0.jar;E:\java_software\maven_work\repository\org\junit\platform\junit-platform-commons\1.7.0\junit-platform-commons-1.7.0.jar;E:\java_software\maven_work\repository\org\junit\jupiter\junit-jupiter-params\5.7.0\junit-jupiter-params-5.7.0.jar;E:\java_software\maven_work\repository\org\junit\jupiter\junit-jupiter-engine\5.7.0\junit-jupiter-engine-5.7.0.jar;E:\java_software\maven_work\repository\org\junit\platform\junit-platform-engine\1.7.0\junit-platform-engine-1.7.0.jar;E:\java_software\maven_work\repository\org\mockito\mockito-core\3.6.28\mockito-core-3.6.28.jar;E:\java_software\maven_work\repository\net\bytebuddy\byte-buddy\1.10.19\byte-buddy-1.10.19.jar;E:\java_software\maven_work\repository\net\bytebuddy\byte-buddy-agent\1.10.19\byte-buddy-agent-1.10.19.jar;E:\java_software\maven_work\repository\org\objenesis\objenesis\3.1\objenesis-3.1.jar;E:\java_software\maven_work\repository\org\mockito\mockito-junit-jupiter\3.6.28\mockito-junit-jupiter-3.6.28.jar;E:\java_software\maven_work\repository\org\skyscreamer\jsonassert\1.5.0\jsonassert-1.5.0.jar;E:\java_software\maven_work\repository\com\vaadin\external\google\android-json\0.0.20131108.vaadin1\android-json-0.0.20131108.vaadin1.jar;E:\java_software\maven_work\repository\org\springframework\spring-core\5.3.3\spring-core-5.3.3.jar;E:\java_software\maven_work\repository\org\springframework\spring-jcl\5.3.3\spring-jcl-5.3.3.jar;E:\java_software\maven_work\repository\org\springframework\spring-test\5.3.3\spring-test-5.3.3.jar;E:\java_software\maven_work\repository\org\xmlunit\xmlunit-core\2.7.0\xmlunit-core-2.7.0.jar;"/>
    <property name="sun.cpu.endian" value="little"/>
    <property name="user.home" value="C:\Users\88"/>
    <property name="user.language" value="zh"/>
    <property name="java.specification.vendor" value="Oracle Corporation"/>
    <property name="java.home" value="E:\java_surroundings\JAVA\jre"/>
    <property name="basedir" value="E:\IDEA\springboot\finance"/>
    <property name="file.separator" value="\"/>
    <property name="line.separator" value="&#10;"/>
    <property name="java.vm.specification.vendor" value="Oracle Corporation"/>
    <property name="java.specification.name" value="Java Platform API Specification"/>
    <property name="java.awt.graphicsenv" value="sun.awt.Win32GraphicsEnvironment"/>
    <property name="surefire.real.class.path" value="C:\Users\88\AppData\Local\Temp\surefire1735953185836534541\surefirebooter3050989825498317746.jar"/>
    <property name="sun.boot.class.path" value="E:\java_surroundings\JAVA\jre\lib\resources.jar;E:\java_surroundings\JAVA\jre\lib\rt.jar;E:\java_surroundings\JAVA\jre\lib\sunrsasign.jar;E:\java_surroundings\JAVA\jre\lib\jsse.jar;E:\java_surroundings\JAVA\jre\lib\jce.jar;E:\java_surroundings\JAVA\jre\lib\charsets.jar;E:\java_surroundings\JAVA\jre\lib\jfr.jar;E:\java_surroundings\JAVA\jre\classes"/>
    <property name="user.script" value=""/>
    <property name="sun.management.compiler" value="HotSpot 64-Bit Tiered Compilers"/>
    <property name="java.runtime.version" value="1.8.0_261-b12"/>
    <property name="user.name" value="88"/>
    <property name="path.separator" value=";"/>
    <property name="os.version" value="10.0"/>
    <property name="java.endorsed.dirs" value="E:\java_surroundings\JAVA\jre\lib\endorsed"/>
    <property name="java.runtime.name" value="Java(TM) SE Runtime Environment"/>
    <property name="file.encoding" value="GBK"/>
    <property name="java.vm.name" value="Java HotSpot(TM) 64-Bit Server VM"/>
    <property name="localRepository" value="E:\java_software\maven_work\repository"/>
    <property name="java.vendor.url.bug" value="http://bugreport.sun.com/bugreport/"/>
    <property name="java.io.tmpdir" value="C:\Users\88\AppData\Local\Temp\"/>
    <property name="idea.version" value="2020.2"/>
    <property name="java.version" value="1.8.0_261"/>
    <property name="user.dir" value="E:\IDEA\springboot\finance"/>
    <property name="os.arch" value="amd64"/>
    <property name="java.vm.specification.name" value="Java Virtual Machine Specification"/>
    <property name="java.awt.printerjob" value="sun.awt.windows.WPrinterJob"/>
    <property name="sun.os.patch.level" value=""/>
    <property name="java.library.path" value="E:\java_surroundings\JAVA\jre\bin;C:\Windows\Sun\Java\bin;C:\Windows\system32;C:\Windows;C:\Windows\system32;C:\Windows;C:\Windows\System32\Wbem;C:\Windows\System32\WindowsPowerShell\v1.0\;C:\Windows\System32\OpenSSH\;E:\common;E:\java_surroundings\JAVA\bin;E:\java_surroundings\JAVA\jre\bin;C:\Program Files\MySQL\MySQL Server 5.5\bin;E:\java_software\maven_work\apache-maven-3.6.3\bin;E:\svn\Server2\bin;E:\svn\svn\bin;D:\win10_ra3\;C:\Users\88\AppData\Local\Microsoft\WindowsApps;;D:\Microsoft VS Code\bin;."/>
    <property name="java.vm.info" value="mixed mode"/>
    <property name="java.vendor" value="Oracle Corporation"/>
    <property name="java.vm.version" value="25.261-b12"/>
    <property name="java.ext.dirs" value="E:\java_surroundings\JAVA\jre\lib\ext;C:\Windows\Sun\Java\lib\ext"/>
    <property name="sun.io.unicode.encoding" value="UnicodeLittle"/>
    <property name="maven.repo.local" value="E:\java_software\maven_work\repository"/>
    <property name="java.class.version" value="52.0"/>
  </properties>
  <testcase name="contextLoads" classname="com.crazy.finance.FinanceApplicationTests" time="0.048"/>
</testsuite>